05:00:36 **** Incremental Build of configuration Debug for project Project_4 ****
make all 
Building file: ../app.c
Invoking: AVR Compiler
avr-gcc -Wall -g2 -gstabs -O0 -fpack-struct -fshort-enums -ffunction-sections -fdata-sections -std=gnu99 -funsigned-char -funsigned-bitfields -mmcu=atmega32 -DF_CPU=8000000UL -MMD -MP -MF"app.d" -MT"app.o" -c -o "app.o" "../app.c"
In file included from ../app.c:4:
c:/winavr-20100110/lib/gcc/../../avr/include/util/delay.h:90:3: warning: #warning "Compiler optimizations disabled; functions from <util/delay.h> won't work as designed"
Finished building: ../app.c
 
Building target: Project_4.elf
Invoking: AVR C Linker
avr-gcc -Wl,-Map,Project_4.map -mmcu=atmega32 -o "Project_4.elf"  ./app.o ./gpio.o ./icu.o ./lcd.o ./ultrasonic.o   
Finished building target: Project_4.elf
 
Invoking: AVR Create Extended Listing
avr-objdump -h -S Project_4.elf  >"Project_4.lss"
Finished building: Project_4.lss
 
Invoking: Print Size
avr-size --format=avr --mcu=atmega32 Project_4.elf
AVR Memory Usage
----------------
Device: atmega32

Program:    9970 bytes (30.4% Full)
(.text + .data + .bootloader)

Data:        285 bytes (13.9% Full)
(.data + .bss + .noinit)


Finished building: sizedummy
 
05:37:40 **** Incremental Build of configuration Debug for project Project_4 ****
make all 
Building file: ../app.c
Invoking: AVR Compiler
avr-gcc -Wall -g2 -gstabs -O0 -fpack-struct -fshort-enums -ffunction-sections -fdata-sections -std=gnu99 -funsigned-char -funsigned-bitfields -mmcu=atmega32 -DF_CPU=8000000UL -MMD -MP -MF"app.d" -MT"app.o" -c -o "app.o" "../app.c"
In file included from ../app.c:4:
c:/winavr-20100110/lib/gcc/../../avr/include/util/delay.h:90:3: warning: #warning "Compiler optimizations disabled; functions from <util/delay.h> won't work as designed"
Finished building: ../app.c
 
Building target: Project_4.elf
Invoking: AVR C Linker
avr-gcc -Wl,-Map,Project_4.map -mmcu=atmega32 -o "Project_4.elf"  ./app.o ./gpio.o ./icu.o ./lcd.o ./ultrasonic.o   
Finished building target: Project_4.elf
 
Invoking: AVR Create Extended Listing
avr-objdump -h -S Project_4.elf  >"Project_4.lss"
Finished building: Project_4.lss
 
Invoking: Print Size
avr-size --format=avr --mcu=atmega32 Project_4.elf
AVR Memory Usage
----------------
Device: atmega32

Program:    9970 bytes (30.4% Full)
(.text + .data + .bootloader)

Data:        285 bytes (13.9% Full)
(.data + .bss + .noinit)


Finished building: sizedummy
 
10:52:32 **** Incremental Build of configuration Debug for project Project_4 ****
make all 
Building file: ../app.c
Invoking: AVR Compiler
avr-gcc -Wall -g2 -gstabs -O0 -fpack-struct -fshort-enums -ffunction-sections -fdata-sections -std=gnu99 -funsigned-char -funsigned-bitfields -mmcu=atmega32 -DF_CPU=8000000UL -MMD -MP -MF"app.d" -MT"app.o" -c -o "app.o" "../app.c"
In file included from ../app.c:4:
c:/winavr-20100110/lib/gcc/../../avr/include/util/delay.h:90:3: warning: #warning "Compiler optimizations disabled; functions from <util/delay.h> won't work as designed"
Finished building: ../app.c
 
Building file: ../gpio.c
Invoking: AVR Compiler
avr-gcc -Wall -g2 -gstabs -O0 -fpack-struct -fshort-enums -ffunction-sections -fdata-sections -std=gnu99 -funsigned-char -funsigned-bitfields -mmcu=atmega32 -DF_CPU=8000000UL -MMD -MP -MF"gpio.d" -MT"gpio.o" -c -o "gpio.o" "../gpio.c"
Finished building: ../gpio.c
 
Building file: ../icu.c
Invoking: AVR Compiler
avr-gcc -Wall -g2 -gstabs -O0 -fpack-struct -fshort-enums -ffunction-sections -fdata-sections -std=gnu99 -funsigned-char -funsigned-bitfields -mmcu=atmega32 -DF_CPU=8000000UL -MMD -MP -MF"icu.d" -MT"icu.o" -c -o "icu.o" "../icu.c"
../icu.c: In function 'Icu_setCallBack':
../icu.c:20: warning: function return types not compatible due to 'volatile'
Finished building: ../icu.c
 
Building file: ../lcd.c
Invoking: AVR Compiler
avr-gcc -Wall -g2 -gstabs -O0 -fpack-struct -fshort-enums -ffunction-sections -fdata-sections -std=gnu99 -funsigned-char -funsigned-bitfields -mmcu=atmega32 -DF_CPU=8000000UL -MMD -MP -MF"lcd.d" -MT"lcd.o" -c -o "lcd.o" "../lcd.c"
In file included from ../lcd.c:11:
c:/winavr-20100110/lib/gcc/../../avr/include/util/delay.h:90:3: warning: #warning "Compiler optimizations disabled; functions from <util/delay.h> won't work as designed"
../lcd.c: In function 'LCD_intgerToString':
../lcd.c:143: warning: implicit declaration of function 'itoa'
Finished building: ../lcd.c
 
Building file: ../ultrasonic.c
Invoking: AVR Compiler
avr-gcc -Wall -g2 -gstabs -O0 -fpack-struct -fshort-enums -ffunction-sections -fdata-sections -std=gnu99 -funsigned-char -funsigned-bitfields -mmcu=atmega32 -DF_CPU=8000000UL -MMD -MP -MF"ultrasonic.d" -MT"ultrasonic.o" -c -o "ultrasonic.o" "../ultrasonic.c"
In file included from ../ultrasonic.c:12:
c:/winavr-20100110/lib/gcc/../../avr/include/util/delay.h:90:3: warning: #warning "Compiler optimizations disabled; functions from <util/delay.h> won't work as designed"
Finished building: ../ultrasonic.c
 
Building target: Project_4.elf
Invoking: AVR C Linker
avr-gcc -Wl,-Map,Project_4.map -mmcu=atmega32 -o "Project_4.elf"  ./app.o ./gpio.o ./icu.o ./lcd.o ./ultrasonic.o   
Finished building target: Project_4.elf
 
Invoking: AVR Create Extended Listing
avr-objdump -h -S Project_4.elf  >"Project_4.lss"
Finished building: Project_4.lss
 
Invoking: Print Size
avr-size --format=avr --mcu=atmega32 Project_4.elf
AVR Memory Usage
----------------
Device: atmega32

Program:    9970 bytes (30.4% Full)
(.text + .data + .bootloader)

Data:        285 bytes (13.9% Full)
(.data + .bss + .noinit)


Finished building: sizedummy
 
10:53:01 **** Incremental Build of configuration Debug for project Project_4 ****
make all 
Invoking: Print Size
avr-size --format=avr --mcu=atmega32 Project_4.elf
AVR Memory Usage
----------------
Device: atmega32

Program:    9970 bytes (30.4% Full)
(.text + .data + .bootloader)

Data:        285 bytes (13.9% Full)
(.data + .bss + .noinit)


Finished building: sizedummy
 
